The system is: Linux - 5.15.90.1-microsoft-standard-WSL2 - x86_64
Compiling the C compiler identification source file "CMakeCCompilerId.c" succeeded.
Compiler: /home/nanf/tina-d1-h/prebuilt/gcc/linux-x86/riscv/toolchain-thead-glibc/riscv64-glibc-gcc-thead_20200702/bin/riscv64-unknown-linux-gnu-gcc 
Build flags: 
Id flags:  

The output was:
0


Compilation of the C compiler identification source "CMakeCCompilerId.c" produced "a.out"

The C compiler identification is GNU, found in "/home/nanf/work/mqtt_clent/lib_mqtt/paho.mqtt.c/CMakeFiles/3.22.1/CompilerIdC/a.out"

Detecting C compiler ABI info compiled with the following output:
Change Dir: /home/nanf/work/mqtt_clent/lib_mqtt/paho.mqtt.c/CMakeFiles/CMakeTmp

Run Build Command(s):/usr/bin/gmake -f Makefile cmTC_aaa5e/fast && /usr/bin/gmake  -f CMakeFiles/cmTC_aaa5e.dir/build.make CMakeFiles/cmTC_aaa5e.dir/build
gmake[1]: Entering directory '/home/nanf/work/mqtt_clent/lib_mqtt/paho.mqtt.c/CMakeFiles/CMakeTmp'
Building C object CMakeFiles/cmTC_aaa5e.dir/CMakeCCompilerABI.c.o
/home/nanf/tina-d1-h/prebuilt/gcc/linux-x86/riscv/toolchain-thead-glibc/riscv64-glibc-gcc-thead_20200702/bin/riscv64-unknown-linux-gnu-gcc   -v -o CMakeFiles/cmTC_aaa5e.dir/CMakeCCompilerABI.c.o -c /usr/share/cmake-3.22/Modules/CMakeCCompilerABI.c
Using built-in specs.
COLLECT_GCC=/home/nanf/tina-d1-h/prebuilt/gcc/linux-x86/riscv/toolchain-thead-glibc/riscv64-glibc-gcc-thead_20200702/bin/riscv64-unknown-linux-gnu-gcc
Target: riscv64-unknown-linux-gnu
Configured with: /ldhome/software/toolsbuild/slave/workspace/riscv64_build_linux_x86_64/build/../source/riscv/riscv-gcc/configure --target=riscv64-unknown-linux-gnu --with-mpc=/ldhome/software/toolsbuild/slave/workspace/riscv64_build_linux_x86_64/lib-for-gcc-x86_64-linux/ --with-mpfr=/ldhome/software/toolsbuild/slave/workspace/riscv64_build_linux_x86_64/lib-for-gcc-x86_64-linux/ --with-gmp=/ldhome/software/toolsbuild/slave/workspace/riscv64_build_linux_x86_64/lib-for-gcc-x86_64-linux/ --prefix=/ldhome/software/toolsbuild/slave/workspace/riscv64_build_linux_x86_64/install --with-sysroot=/ldhome/software/toolsbuild/slave/workspace/riscv64_build_linux_x86_64/install/sysroot --with-system-zlib --enable-shared --enable-tls --enable-languages=c,c++,fortran --disable-libmudflap --disable-libssp --disable-libquadmath --disable-nls --disable-bootstrap --src=../../source/riscv/riscv-gcc --enable-checking=yes --with-pkgversion='C-SKY RISCV Tools V1.8.4 B20200702' --enable-multilib --with-abi=lp64d --with-arch=rv64gcxthead 'CFLAGS_FOR_TARGET=-O2  -mcmodel=medany' 'CXXFLAGS_FOR_TARGET=-O2  -mcmodel=medany' CC=gcc CXX=g++
Thread model: posix
gcc version 8.1.0 (C-SKY RISCV Tools V1.8.4 B20200702) 
COLLECT_GCC_OPTIONS='-v' '-o' 'CMakeFiles/cmTC_aaa5e.dir/CMakeCCompilerABI.c.o' '-c' '-march=rv64gcxthead' '-mabi=lp64d'
 /home/nanf/tina-d1-h/prebuilt/gcc/linux-x86/riscv/toolchain-thead-glibc/riscv64-glibc-gcc-thead_20200702/bin/../libexec/gcc/riscv64-unknown-linux-gnu/8.1.0/cc1 -quiet -v -imultilib lib64xthead/lp64d -iprefix /home/nanf/tina-d1-h/prebuilt/gcc/linux-x86/riscv/toolchain-thead-glibc/riscv64-glibc-gcc-thead_20200702/bin/../lib/gcc/riscv64-unknown-linux-gnu/8.1.0/ -isysroot /home/nanf/tina-d1-h/prebuilt/gcc/linux-x86/riscv/toolchain-thead-glibc/riscv64-glibc-gcc-thead_20200702/bin/../sysroot /usr/share/cmake-3.22/Modules/CMakeCCompilerABI.c -quiet -dumpbase CMakeCCompilerABI.c -march=rv64gcxthead -mabi=lp64d -auxbase-strip CMakeFiles/cmTC_aaa5e.dir/CMakeCCompilerABI.c.o -version -o /tmp/cc5A1sPk.s
GNU C17 (C-SKY RISCV Tools V1.8.4 B20200702) version 8.1.0 (riscv64-unknown-linux-gnu)
	compiled by GNU C version 6.4.0, GMP version 6.2.0, MPFR version 4.0.2, MPC version 1.1.0, isl version none
GGC heuristics: --param ggc-min-expand=30 --param ggc-min-heapsize=4096
ignoring duplicate directory "/home/nanf/tina-d1-h/prebuilt/gcc/linux-x86/riscv/toolchain-thead-glibc/riscv64-glibc-gcc-thead_20200702/bin/../lib/gcc/../../lib/gcc/riscv64-unknown-linux-gnu/8.1.0/include"
ignoring nonexistent directory "/home/nanf/tina-d1-h/prebuilt/gcc/linux-x86/riscv/toolchain-thead-glibc/riscv64-glibc-gcc-thead_20200702/bin/../sysroot/usr/local/include"
ignoring duplicate directory "/home/nanf/tina-d1-h/prebuilt/gcc/linux-x86/riscv/toolchain-thead-glibc/riscv64-glibc-gcc-thead_20200702/bin/../lib/gcc/../../lib/gcc/riscv64-unknown-linux-gnu/8.1.0/include-fixed"
ignoring duplicate directory "/home/nanf/tina-d1-h/prebuilt/gcc/linux-x86/riscv/toolchain-thead-glibc/riscv64-glibc-gcc-thead_20200702/bin/../lib/gcc/../../lib/gcc/riscv64-unknown-linux-gnu/8.1.0/../../../../riscv64-unknown-linux-gnu/include"
#include "..." search starts here:
#include <...> search starts here:
 /home/nanf/tina-d1-h/prebuilt/gcc/linux-x86/riscv/toolchain-thead-glibc/riscv64-glibc-gcc-thead_20200702/bin/../lib/gcc/riscv64-unknown-linux-gnu/8.1.0/include
 /home/nanf/tina-d1-h/prebuilt/gcc/linux-x86/riscv/toolchain-thead-glibc/riscv64-glibc-gcc-thead_20200702/bin/../lib/gcc/riscv64-unknown-linux-gnu/8.1.0/include-fixed
 /home/nanf/tina-d1-h/prebuilt/gcc/linux-x86/riscv/toolchain-thead-glibc/riscv64-glibc-gcc-thead_20200702/bin/../lib/gcc/riscv64-unknown-linux-gnu/8.1.0/../../../../riscv64-unknown-linux-gnu/include
 /home/nanf/tina-d1-h/prebuilt/gcc/linux-x86/riscv/toolchain-thead-glibc/riscv64-glibc-gcc-thead_20200702/bin/../sysroot/usr/include
End of search list.
GNU C17 (C-SKY RISCV Tools V1.8.4 B20200702) version 8.1.0 (riscv64-unknown-linux-gnu)
	compiled by GNU C version 6.4.0, GMP version 6.2.0, MPFR version 4.0.2, MPC version 1.1.0, isl version none
GGC heuristics: --param ggc-min-expand=30 --param ggc-min-heapsize=4096
Compiler executable checksum: 017f597e560a357c07200a3f5b413ef3
COLLECT_GCC_OPTIONS='-v' '-o' 'CMakeFiles/cmTC_aaa5e.dir/CMakeCCompilerABI.c.o' '-c' '-march=rv64gcxthead' '-mabi=lp64d'
 /home/nanf/tina-d1-h/prebuilt/gcc/linux-x86/riscv/toolchain-thead-glibc/riscv64-glibc-gcc-thead_20200702/bin/../lib/gcc/riscv64-unknown-linux-gnu/8.1.0/../../../../riscv64-unknown-linux-gnu/bin/as -v --traditional-format -march=rv64gcxthead -mabi=lp64d -o CMakeFiles/cmTC_aaa5e.dir/CMakeCCompilerABI.c.o /tmp/cc5A1sPk.s
GNU assembler version 2.32 (riscv64-unknown-linux-gnu) using BFD version (GNU Binutils) 2.32
COMPILER_PATH=/home/nanf/tina-d1-h/prebuilt/gcc/linux-x86/riscv/toolchain-thead-glibc/riscv64-glibc-gcc-thead_20200702/bin/../libexec/gcc/riscv64-unknown-linux-gnu/8.1.0/:/home/nanf/tina-d1-h/prebuilt/gcc/linux-x86/riscv/toolchain-thead-glibc/riscv64-glibc-gcc-thead_20200702/bin/../libexec/gcc/:/home/nanf/tina-d1-h/prebuilt/gcc/linux-x86/riscv/toolchain-thead-glibc/riscv64-glibc-gcc-thead_20200702/bin/../lib/gcc/riscv64-unknown-linux-gnu/8.1.0/../../../../riscv64-unknown-linux-gnu/bin/
LIBRARY_PATH=/home/nanf/tina-d1-h/prebuilt/gcc/linux-x86/riscv/toolchain-thead-glibc/riscv64-glibc-gcc-thead_20200702/bin/../lib/gcc/riscv64-unknown-linux-gnu/8.1.0/lib64xthead/lp64d/:/home/nanf/tina-d1-h/prebuilt/gcc/linux-x86/riscv/toolchain-thead-glibc/riscv64-glibc-gcc-thead_20200702/bin/../lib/gcc/riscv64-unknown-linux-gnu/8.1.0/../../../../riscv64-unknown-linux-gnu/lib/../lib64xthead/lp64d/:/home/nanf/tina-d1-h/prebuilt/gcc/linux-x86/riscv/toolchain-thead-glibc/riscv64-glibc-gcc-thead_20200702/bin/../sysroot/lib/../lib64xthead/lp64d/:/home/nanf/tina-d1-h/prebuilt/gcc/linux-x86/riscv/toolchain-thead-glibc/riscv64-glibc-gcc-thead_20200702/bin/../lib/gcc/riscv64-unknown-linux-gnu/8.1.0/:/home/nanf/tina-d1-h/prebuilt/gcc/linux-x86/riscv/toolchain-thead-glibc/riscv64-glibc-gcc-thead_20200702/bin/../lib/gcc/:/home/nanf/tina-d1-h/prebuilt/gcc/linux-x86/riscv/toolchain-thead-glibc/riscv64-glibc-gcc-thead_20200702/bin/../lib/gcc/riscv64-unknown-linux-gnu/8.1.0/../../../../riscv64-unknown-linux-gnu/lib/:/home/nanf/tina-d1-h/prebuilt/gcc/linux-x86/riscv/toolchain-thead-glibc/riscv64-glibc-gcc-thead_20200702/bin/../sysroot/lib64xthead/lp64d/:/home/nanf/tina-d1-h/prebuilt/gcc/linux-x86/riscv/toolchain-thead-glibc/riscv64-glibc-gcc-thead_20200702/bin/../sysroot/usr/lib64xthead/lp64d/:/home/nanf/tina-d1-h/prebuilt/gcc/linux-x86/riscv/toolchain-thead-glibc/riscv64-glibc-gcc-thead_20200702/bin/../sysroot/lib/
COLLECT_GCC_OPTIONS='-v' '-o' 'CMakeFiles/cmTC_aaa5e.dir/CMakeCCompilerABI.c.o' '-c' '-march=rv64gcxthead' '-mabi=lp64d'
Linking C executable cmTC_aaa5e
/usr/bin/cmake -E cmake_link_script CMakeFiles/cmTC_aaa5e.dir/link.txt --verbose=1
/home/nanf/tina-d1-h/prebuilt/gcc/linux-x86/riscv/toolchain-thead-glibc/riscv64-glibc-gcc-thead_20200702/bin/riscv64-unknown-linux-gnu-gcc  -v -rdynamic CMakeFiles/cmTC_aaa5e.dir/CMakeCCompilerABI.c.o -o cmTC_aaa5e 
Using built-in specs.
COLLECT_GCC=/home/nanf/tina-d1-h/prebuilt/gcc/linux-x86/riscv/toolchain-thead-glibc/riscv64-glibc-gcc-thead_20200702/bin/riscv64-unknown-linux-gnu-gcc
COLLECT_LTO_WRAPPER=/home/nanf/tina-d1-h/prebuilt/gcc/linux-x86/riscv/toolchain-thead-glibc/riscv64-glibc-gcc-thead_20200702/bin/../libexec/gcc/riscv64-unknown-linux-gnu/8.1.0/lto-wrapper
Target: riscv64-unknown-linux-gnu
Configured with: /ldhome/software/toolsbuild/slave/workspace/riscv64_build_linux_x86_64/build/../source/riscv/riscv-gcc/configure --target=riscv64-unknown-linux-gnu --with-mpc=/ldhome/software/toolsbuild/slave/workspace/riscv64_build_linux_x86_64/lib-for-gcc-x86_64-linux/ --with-mpfr=/ldhome/software/toolsbuild/slave/workspace/riscv64_build_linux_x86_64/lib-for-gcc-x86_64-linux/ --with-gmp=/ldhome/software/toolsbuild/slave/workspace/riscv64_build_linux_x86_64/lib-for-gcc-x86_64-linux/ --prefix=/ldhome/software/toolsbuild/slave/workspace/riscv64_build_linux_x86_64/install --with-sysroot=/ldhome/software/toolsbuild/slave/workspace/riscv64_build_linux_x86_64/install/sysroot --with-system-zlib --enable-shared --enable-tls --enable-languages=c,c++,fortran --disable-libmudflap --disable-libssp --disable-libquadmath --disable-nls --disable-bootstrap --src=../../source/riscv/riscv-gcc --enable-checking=yes --with-pkgversion='C-SKY RISCV Tools V1.8.4 B20200702' --enable-multilib --with-abi=lp64d --with-arch=rv64gcxthead 'CFLAGS_FOR_TARGET=-O2  -mcmodel=medany' 'CXXFLAGS_FOR_TARGET=-O2  -mcmodel=medany' CC=gcc CXX=g++
Thread model: posix
gcc version 8.1.0 (C-SKY RISCV Tools V1.8.4 B20200702) 
COMPILER_PATH=/home/nanf/tina-d1-h/prebuilt/gcc/linux-x86/riscv/toolchain-thead-glibc/riscv64-glibc-gcc-thead_20200702/bin/../libexec/gcc/riscv64-unknown-linux-gnu/8.1.0/:/home/nanf/tina-d1-h/prebuilt/gcc/linux-x86/riscv/toolchain-thead-glibc/riscv64-glibc-gcc-thead_20200702/bin/../libexec/gcc/:/home/nanf/tina-d1-h/prebuilt/gcc/linux-x86/riscv/toolchain-thead-glibc/riscv64-glibc-gcc-thead_20200702/bin/../lib/gcc/riscv64-unknown-linux-gnu/8.1.0/../../../../riscv64-unknown-linux-gnu/bin/
LIBRARY_PATH=/home/nanf/tina-d1-h/prebuilt/gcc/linux-x86/riscv/toolchain-thead-glibc/riscv64-glibc-gcc-thead_20200702/bin/../lib/gcc/riscv64-unknown-linux-gnu/8.1.0/lib64xthead/lp64d/:/home/nanf/tina-d1-h/prebuilt/gcc/linux-x86/riscv/toolchain-thead-glibc/riscv64-glibc-gcc-thead_20200702/bin/../lib/gcc/riscv64-unknown-linux-gnu/8.1.0/../../../../riscv64-unknown-linux-gnu/lib/../lib64xthead/lp64d/:/home/nanf/tina-d1-h/prebuilt/gcc/linux-x86/riscv/toolchain-thead-glibc/riscv64-glibc-gcc-thead_20200702/bin/../sysroot/lib/../lib64xthead/lp64d/:/home/nanf/tina-d1-h/prebuilt/gcc/linux-x86/riscv/toolchain-thead-glibc/riscv64-glibc-gcc-thead_20200702/bin/../lib/gcc/riscv64-unknown-linux-gnu/8.1.0/:/home/nanf/tina-d1-h/prebuilt/gcc/linux-x86/riscv/toolchain-thead-glibc/riscv64-glibc-gcc-thead_20200702/bin/../lib/gcc/:/home/nanf/tina-d1-h/prebuilt/gcc/linux-x86/riscv/toolchain-thead-glibc/riscv64-glibc-gcc-thead_20200702/bin/../lib/gcc/riscv64-unknown-linux-gnu/8.1.0/../../../../riscv64-unknown-linux-gnu/lib/:/home/nanf/tina-d1-h/prebuilt/gcc/linux-x86/riscv/toolchain-thead-glibc/riscv64-glibc-gcc-thead_20200702/bin/../sysroot/lib64xthead/lp64d/:/home/nanf/tina-d1-h/prebuilt/gcc/linux-x86/riscv/toolchain-thead-glibc/riscv64-glibc-gcc-thead_20200702/bin/../sysroot/usr/lib64xthead/lp64d/:/home/nanf/tina-d1-h/prebuilt/gcc/linux-x86/riscv/toolchain-thead-glibc/riscv64-glibc-gcc-thead_20200702/bin/../sysroot/lib/
COLLECT_GCC_OPTIONS='-v' '-rdynamic' '-o' 'cmTC_aaa5e' '-march=rv64gcxthead' '-mabi=lp64d'
 /home/nanf/tina-d1-h/prebuilt/gcc/linux-x86/riscv/toolchain-thead-glibc/riscv64-glibc-gcc-thead_20200702/bin/../libexec/gcc/riscv64-unknown-linux-gnu/8.1.0/collect2 -plugin /home/nanf/tina-d1-h/prebuilt/gcc/linux-x86/riscv/toolchain-thead-glibc/riscv64-glibc-gcc-thead_20200702/bin/../libexec/gcc/riscv64-unknown-linux-gnu/8.1.0/liblto_plugin.so -plugin-opt=/home/nanf/tina-d1-h/prebuilt/gcc/linux-x86/riscv/toolchain-thead-glibc/riscv64-glibc-gcc-thead_20200702/bin/../libexec/gcc/riscv64-unknown-linux-gnu/8.1.0/lto-wrapper -plugin-opt=-fresolution=/tmp/ccsmJBla.res -plugin-opt=-pass-through=-lgcc -plugin-opt=-pass-through=-lgcc_s -plugin-opt=-pass-through=-lc -plugin-opt=-pass-through=-lgcc -plugin-opt=-pass-through=-lgcc_s --sysroot=/home/nanf/tina-d1-h/prebuilt/gcc/linux-x86/riscv/toolchain-thead-glibc/riscv64-glibc-gcc-thead_20200702/bin/../sysroot --eh-frame-hdr -melf64lriscv -export-dynamic -dynamic-linker /lib/ld-linux-riscv64xthead-lp64d.so.1 -o cmTC_aaa5e /home/nanf/tina-d1-h/prebuilt/gcc/linux-x86/riscv/toolchain-thead-glibc/riscv64-glibc-gcc-thead_20200702/bin/../sysroot/usr/lib64xthead/lp64d/crt1.o /home/nanf/tina-d1-h/prebuilt/gcc/linux-x86/riscv/toolchain-thead-glibc/riscv64-glibc-gcc-thead_20200702/bin/../lib/gcc/riscv64-unknown-linux-gnu/8.1.0/lib64xthead/lp64d/crti.o /home/nanf/tina-d1-h/prebuilt/gcc/linux-x86/riscv/toolchain-thead-glibc/riscv64-glibc-gcc-thead_20200702/bin/../lib/gcc/riscv64-unknown-linux-gnu/8.1.0/lib64xthead/lp64d/crtbegin.o -L/home/nanf/tina-d1-h/prebuilt/gcc/linux-x86/riscv/toolchain-thead-glibc/riscv64-glibc-gcc-thead_20200702/bin/../lib/gcc/riscv64-unknown-linux-gnu/8.1.0/lib64xthead/lp64d -L/home/nanf/tina-d1-h/prebuilt/gcc/linux-x86/riscv/toolchain-thead-glibc/riscv64-glibc-gcc-thead_20200702/bin/../lib/gcc/riscv64-unknown-linux-gnu/8.1.0/../../../../riscv64-unknown-linux-gnu/lib/../lib64xthead/lp64d -L/home/nanf/tina-d1-h/prebuilt/gcc/linux-x86/riscv/toolchain-thead-glibc/riscv64-glibc-gcc-thead_20200702/bin/../sysroot/lib/../lib64xthead/lp64d -L/home/nanf/tina-d1-h/prebuilt/gcc/linux-x86/riscv/toolchain-thead-glibc/riscv64-glibc-gcc-thead_20200702/bin/../lib/gcc/riscv64-unknown-linux-gnu/8.1.0 -L/home/nanf/tina-d1-h/prebuilt/gcc/linux-x86/riscv/toolchain-thead-glibc/riscv64-glibc-gcc-thead_20200702/bin/../lib/gcc -L/home/nanf/tina-d1-h/prebuilt/gcc/linux-x86/riscv/toolchain-thead-glibc/riscv64-glibc-gcc-thead_20200702/bin/../lib/gcc/riscv64-unknown-linux-gnu/8.1.0/../../../../riscv64-unknown-linux-gnu/lib -L/home/nanf/tina-d1-h/prebuilt/gcc/linux-x86/riscv/toolchain-thead-glibc/riscv64-glibc-gcc-thead_20200702/bin/../sysroot/lib64xthead/lp64d -L/home/nanf/tina-d1-h/prebuilt/gcc/linux-x86/riscv/toolchain-thead-glibc/riscv64-glibc-gcc-thead_20200702/bin/../sysroot/usr/lib64xthead/lp64d -L/home/nanf/tina-d1-h/prebuilt/gcc/linux-x86/riscv/toolchain-thead-glibc/riscv64-glibc-gcc-thead_20200702/bin/../sysroot/lib CMakeFiles/cmTC_aaa5e.dir/CMakeCCompilerABI.c.o -lgcc --as-needed -lgcc_s --no-as-needed -lc -lgcc --as-needed -lgcc_s --no-as-needed /home/nanf/tina-d1-h/prebuilt/gcc/linux-x86/riscv/toolchain-thead-glibc/riscv64-glibc-gcc-thead_20200702/bin/../lib/gcc/riscv64-unknown-linux-gnu/8.1.0/lib64xthead/lp64d/crtend.o /home/nanf/tina-d1-h/prebuilt/gcc/linux-x86/riscv/toolchain-thead-glibc/riscv64-glibc-gcc-thead_20200702/bin/../lib/gcc/riscv64-unknown-linux-gnu/8.1.0/lib64xthead/lp64d/crtn.o
COLLECT_GCC_OPTIONS='-v' '-rdynamic' '-o' 'cmTC_aaa5e' '-march=rv64gcxthead' '-mabi=lp64d'
gmake[1]: Leaving directory '/home/nanf/work/mqtt_clent/lib_mqtt/paho.mqtt.c/CMakeFiles/CMakeTmp'



Parsed C implicit include dir info from above output: rv=done
  found start of include info
  found start of implicit include info
    add: [/home/nanf/tina-d1-h/prebuilt/gcc/linux-x86/riscv/toolchain-thead-glibc/riscv64-glibc-gcc-thead_20200702/bin/../lib/gcc/riscv64-unknown-linux-gnu/8.1.0/include]
    add: [/home/nanf/tina-d1-h/prebuilt/gcc/linux-x86/riscv/toolchain-thead-glibc/riscv64-glibc-gcc-thead_20200702/bin/../lib/gcc/riscv64-unknown-linux-gnu/8.1.0/include-fixed]
    add: [/home/nanf/tina-d1-h/prebuilt/gcc/linux-x86/riscv/toolchain-thead-glibc/riscv64-glibc-gcc-thead_20200702/bin/../lib/gcc/riscv64-unknown-linux-gnu/8.1.0/../../../../riscv64-unknown-linux-gnu/include]
    add: [/home/nanf/tina-d1-h/prebuilt/gcc/linux-x86/riscv/toolchain-thead-glibc/riscv64-glibc-gcc-thead_20200702/bin/../sysroot/usr/include]
  end of search list found
  collapse include dir [/home/nanf/tina-d1-h/prebuilt/gcc/linux-x86/riscv/toolchain-thead-glibc/riscv64-glibc-gcc-thead_20200702/bin/../lib/gcc/riscv64-unknown-linux-gnu/8.1.0/include] ==> [/home/nanf/tina-d1-h/prebuilt/gcc/linux-x86/riscv/toolchain-thead-glibc/riscv64-glibc-gcc-thead_20200702/lib/gcc/riscv64-unknown-linux-gnu/8.1.0/include]
  collapse include dir [/home/nanf/tina-d1-h/prebuilt/gcc/linux-x86/riscv/toolchain-thead-glibc/riscv64-glibc-gcc-thead_20200702/bin/../lib/gcc/riscv64-unknown-linux-gnu/8.1.0/include-fixed] ==> [/home/nanf/tina-d1-h/prebuilt/gcc/linux-x86/riscv/toolchain-thead-glibc/riscv64-glibc-gcc-thead_20200702/lib/gcc/riscv64-unknown-linux-gnu/8.1.0/include-fixed]
  collapse include dir [/home/nanf/tina-d1-h/prebuilt/gcc/linux-x86/riscv/toolchain-thead-glibc/riscv64-glibc-gcc-thead_20200702/bin/../lib/gcc/riscv64-unknown-linux-gnu/8.1.0/../../../../riscv64-unknown-linux-gnu/include] ==> [/home/nanf/tina-d1-h/prebuilt/gcc/linux-x86/riscv/toolchain-thead-glibc/riscv64-glibc-gcc-thead_20200702/riscv64-unknown-linux-gnu/include]
  collapse include dir [/home/nanf/tina-d1-h/prebuilt/gcc/linux-x86/riscv/toolchain-thead-glibc/riscv64-glibc-gcc-thead_20200702/bin/../sysroot/usr/include] ==> [/home/nanf/tina-d1-h/prebuilt/gcc/linux-x86/riscv/toolchain-thead-glibc/riscv64-glibc-gcc-thead_20200702/sysroot/usr/include]
  implicit include dirs: [/home/nanf/tina-d1-h/prebuilt/gcc/linux-x86/riscv/toolchain-thead-glibc/riscv64-glibc-gcc-thead_20200702/lib/gcc/riscv64-unknown-linux-gnu/8.1.0/include;/home/nanf/tina-d1-h/prebuilt/gcc/linux-x86/riscv/toolchain-thead-glibc/riscv64-glibc-gcc-thead_20200702/lib/gcc/riscv64-unknown-linux-gnu/8.1.0/include-fixed;/home/nanf/tina-d1-h/prebuilt/gcc/linux-x86/riscv/toolchain-thead-glibc/riscv64-glibc-gcc-thead_20200702/riscv64-unknown-linux-gnu/include;/home/nanf/tina-d1-h/prebuilt/gcc/linux-x86/riscv/toolchain-thead-glibc/riscv64-glibc-gcc-thead_20200702/sysroot/usr/include]


Parsed C implicit link information from above output:
  link line regex: [^( *|.*[/\])(riscv64-unknown-linux-gnu-ld|CMAKE_LINK_STARTFILE-NOTFOUND|([^/\]+-)?ld|collect2)[^/\]*( |$)]
  ignore line: [Change Dir: /home/nanf/work/mqtt_clent/lib_mqtt/paho.mqtt.c/CMakeFiles/CMakeTmp]
  ignore line: []
  ignore line: [Run Build Command(s):/usr/bin/gmake -f Makefile cmTC_aaa5e/fast && /usr/bin/gmake  -f CMakeFiles/cmTC_aaa5e.dir/build.make CMakeFiles/cmTC_aaa5e.dir/build]
  ignore line: [gmake[1]: Entering directory '/home/nanf/work/mqtt_clent/lib_mqtt/paho.mqtt.c/CMakeFiles/CMakeTmp']
  ignore line: [Building C object CMakeFiles/cmTC_aaa5e.dir/CMakeCCompilerABI.c.o]
  ignore line: [/home/nanf/tina-d1-h/prebuilt/gcc/linux-x86/riscv/toolchain-thead-glibc/riscv64-glibc-gcc-thead_20200702/bin/riscv64-unknown-linux-gnu-gcc   -v -o CMakeFiles/cmTC_aaa5e.dir/CMakeCCompilerABI.c.o -c /usr/share/cmake-3.22/Modules/CMakeCCompilerABI.c]
  ignore line: [Using built-in specs.]
  ignore line: [COLLECT_GCC=/home/nanf/tina-d1-h/prebuilt/gcc/linux-x86/riscv/toolchain-thead-glibc/riscv64-glibc-gcc-thead_20200702/bin/riscv64-unknown-linux-gnu-gcc]
  ignore line: [Target: riscv64-unknown-linux-gnu]
  ignore line: [Configured with: /ldhome/software/toolsbuild/slave/workspace/riscv64_build_linux_x86_64/build/../source/riscv/riscv-gcc/configure --target=riscv64-unknown-linux-gnu --with-mpc=/ldhome/software/toolsbuild/slave/workspace/riscv64_build_linux_x86_64/lib-for-gcc-x86_64-linux/ --with-mpfr=/ldhome/software/toolsbuild/slave/workspace/riscv64_build_linux_x86_64/lib-for-gcc-x86_64-linux/ --with-gmp=/ldhome/software/toolsbuild/slave/workspace/riscv64_build_linux_x86_64/lib-for-gcc-x86_64-linux/ --prefix=/ldhome/software/toolsbuild/slave/workspace/riscv64_build_linux_x86_64/install --with-sysroot=/ldhome/software/toolsbuild/slave/workspace/riscv64_build_linux_x86_64/install/sysroot --with-system-zlib --enable-shared --enable-tls --enable-languages=c c++ fortran --disable-libmudflap --disable-libssp --disable-libquadmath --disable-nls --disable-bootstrap --src=../../source/riscv/riscv-gcc --enable-checking=yes --with-pkgversion='C-SKY RISCV Tools V1.8.4 B20200702' --enable-multilib --with-abi=lp64d --with-arch=rv64gcxthead 'CFLAGS_FOR_TARGET=-O2  -mcmodel=medany' 'CXXFLAGS_FOR_TARGET=-O2  -mcmodel=medany' CC=gcc CXX=g++]
  ignore line: [Thread model: posix]
  ignore line: [gcc version 8.1.0 (C-SKY RISCV Tools V1.8.4 B20200702) ]
  ignore line: [COLLECT_GCC_OPTIONS='-v' '-o' 'CMakeFiles/cmTC_aaa5e.dir/CMakeCCompilerABI.c.o' '-c' '-march=rv64gcxthead' '-mabi=lp64d']
  ignore line: [ /home/nanf/tina-d1-h/prebuilt/gcc/linux-x86/riscv/toolchain-thead-glibc/riscv64-glibc-gcc-thead_20200702/bin/../libexec/gcc/riscv64-unknown-linux-gnu/8.1.0/cc1 -quiet -v -imultilib lib64xthead/lp64d -iprefix /home/nanf/tina-d1-h/prebuilt/gcc/linux-x86/riscv/toolchain-thead-glibc/riscv64-glibc-gcc-thead_20200702/bin/../lib/gcc/riscv64-unknown-linux-gnu/8.1.0/ -isysroot /home/nanf/tina-d1-h/prebuilt/gcc/linux-x86/riscv/toolchain-thead-glibc/riscv64-glibc-gcc-thead_20200702/bin/../sysroot /usr/share/cmake-3.22/Modules/CMakeCCompilerABI.c -quiet -dumpbase CMakeCCompilerABI.c -march=rv64gcxthead -mabi=lp64d -auxbase-strip CMakeFiles/cmTC_aaa5e.dir/CMakeCCompilerABI.c.o -version -o /tmp/cc5A1sPk.s]
  ignore line: [GNU C17 (C-SKY RISCV Tools V1.8.4 B20200702) version 8.1.0 (riscv64-unknown-linux-gnu)]
  ignore line: [	compiled by GNU C version 6.4.0  GMP version 6.2.0  MPFR version 4.0.2  MPC version 1.1.0  isl version none]
  ignore line: [GGC heuristics: --param ggc-min-expand=30 --param ggc-min-heapsize=4096]
  ignore line: [ignoring duplicate directory "/home/nanf/tina-d1-h/prebuilt/gcc/linux-x86/riscv/toolchain-thead-glibc/riscv64-glibc-gcc-thead_20200702/bin/../lib/gcc/../../lib/gcc/riscv64-unknown-linux-gnu/8.1.0/include"]
  ignore line: [ignoring nonexistent directory "/home/nanf/tina-d1-h/prebuilt/gcc/linux-x86/riscv/toolchain-thead-glibc/riscv64-glibc-gcc-thead_20200702/bin/../sysroot/usr/local/include"]
  ignore line: [ignoring duplicate directory "/home/nanf/tina-d1-h/prebuilt/gcc/linux-x86/riscv/toolchain-thead-glibc/riscv64-glibc-gcc-thead_20200702/bin/../lib/gcc/../../lib/gcc/riscv64-unknown-linux-gnu/8.1.0/include-fixed"]
  ignore line: [ignoring duplicate directory "/home/nanf/tina-d1-h/prebuilt/gcc/linux-x86/riscv/toolchain-thead-glibc/riscv64-glibc-gcc-thead_20200702/bin/../lib/gcc/../../lib/gcc/riscv64-unknown-linux-gnu/8.1.0/../../../../riscv64-unknown-linux-gnu/include"]
  ignore line: [#include "..." search starts here:]
  ignore line: [#include <...> search starts here:]
  ignore line: [ /home/nanf/tina-d1-h/prebuilt/gcc/linux-x86/riscv/toolchain-thead-glibc/riscv64-glibc-gcc-thead_20200702/bin/../lib/gcc/riscv64-unknown-linux-gnu/8.1.0/include]
  ignore line: [ /home/nanf/tina-d1-h/prebuilt/gcc/linux-x86/riscv/toolchain-thead-glibc/riscv64-glibc-gcc-thead_20200702/bin/../lib/gcc/riscv64-unknown-linux-gnu/8.1.0/include-fixed]
  ignore line: [ /home/nanf/tina-d1-h/prebuilt/gcc/linux-x86/riscv/toolchain-thead-glibc/riscv64-glibc-gcc-thead_20200702/bin/../lib/gcc/riscv64-unknown-linux-gnu/8.1.0/../../../../riscv64-unknown-linux-gnu/include]
  ignore line: [ /home/nanf/tina-d1-h/prebuilt/gcc/linux-x86/riscv/toolchain-thead-glibc/riscv64-glibc-gcc-thead_20200702/bin/../sysroot/usr/include]
  ignore line: [End of search list.]
  ignore line: [GNU C17 (C-SKY RISCV Tools V1.8.4 B20200702) version 8.1.0 (riscv64-unknown-linux-gnu)]
  ignore line: [	compiled by GNU C version 6.4.0  GMP version 6.2.0  MPFR version 4.0.2  MPC version 1.1.0  isl version none]
  ignore line: [GGC heuristics: --param ggc-min-expand=30 --param ggc-min-heapsize=4096]
  ignore line: [Compiler executable checksum: 017f597e560a357c07200a3f5b413ef3]
  ignore line: [COLLECT_GCC_OPTIONS='-v' '-o' 'CMakeFiles/cmTC_aaa5e.dir/CMakeCCompilerABI.c.o' '-c' '-march=rv64gcxthead' '-mabi=lp64d']
  ignore line: [ /home/nanf/tina-d1-h/prebuilt/gcc/linux-x86/riscv/toolchain-thead-glibc/riscv64-glibc-gcc-thead_20200702/bin/../lib/gcc/riscv64-unknown-linux-gnu/8.1.0/../../../../riscv64-unknown-linux-gnu/bin/as -v --traditional-format -march=rv64gcxthead -mabi=lp64d -o CMakeFiles/cmTC_aaa5e.dir/CMakeCCompilerABI.c.o /tmp/cc5A1sPk.s]
  ignore line: [GNU assembler version 2.32 (riscv64-unknown-linux-gnu) using BFD version (GNU Binutils) 2.32]
  ignore line: [COMPILER_PATH=/home/nanf/tina-d1-h/prebuilt/gcc/linux-x86/riscv/toolchain-thead-glibc/riscv64-glibc-gcc-thead_20200702/bin/../libexec/gcc/riscv64-unknown-linux-gnu/8.1.0/:/home/nanf/tina-d1-h/prebuilt/gcc/linux-x86/riscv/toolchain-thead-glibc/riscv64-glibc-gcc-thead_20200702/bin/../libexec/gcc/:/home/nanf/tina-d1-h/prebuilt/gcc/linux-x86/riscv/toolchain-thead-glibc/riscv64-glibc-gcc-thead_20200702/bin/../lib/gcc/riscv64-unknown-linux-gnu/8.1.0/../../../../riscv64-unknown-linux-gnu/bin/]
  ignore line: [LIBRARY_PATH=/home/nanf/tina-d1-h/prebuilt/gcc/linux-x86/riscv/toolchain-thead-glibc/riscv64-glibc-gcc-thead_20200702/bin/../lib/gcc/riscv64-unknown-linux-gnu/8.1.0/lib64xthead/lp64d/:/home/nanf/tina-d1-h/prebuilt/gcc/linux-x86/riscv/toolchain-thead-glibc/riscv64-glibc-gcc-thead_20200702/bin/../lib/gcc/riscv64-unknown-linux-gnu/8.1.0/../../../../riscv64-unknown-linux-gnu/lib/../lib64xthead/lp64d/:/home/nanf/tina-d1-h/prebuilt/gcc/linux-x86/riscv/toolchain-thead-glibc/riscv64-glibc-gcc-thead_20200702/bin/../sysroot/lib/../lib64xthead/lp64d/:/home/nanf/tina-d1-h/prebuilt/gcc/linux-x86/riscv/toolchain-thead-glibc/riscv64-glibc-gcc-thead_20200702/bin/../lib/gcc/riscv64-unknown-linux-gnu/8.1.0/:/home/nanf/tina-d1-h/prebuilt/gcc/linux-x86/riscv/toolchain-thead-glibc/riscv64-glibc-gcc-thead_20200702/bin/../lib/gcc/:/home/nanf/tina-d1-h/prebuilt/gcc/linux-x86/riscv/toolchain-thead-glibc/riscv64-glibc-gcc-thead_20200702/bin/../lib/gcc/riscv64-unknown-linux-gnu/8.1.0/../../../../riscv64-unknown-linux-gnu/lib/:/home/nanf/tina-d1-h/prebuilt/gcc/linux-x86/riscv/toolchain-thead-glibc/riscv64-glibc-gcc-thead_20200702/bin/../sysroot/lib64xthead/lp64d/:/home/nanf/tina-d1-h/prebuilt/gcc/linux-x86/riscv/toolchain-thead-glibc/riscv64-glibc-gcc-thead_20200702/bin/../sysroot/usr/lib64xthead/lp64d/:/home/nanf/tina-d1-h/prebuilt/gcc/linux-x86/riscv/toolchain-thead-glibc/riscv64-glibc-gcc-thead_20200702/bin/../sysroot/lib/]
  ignore line: [COLLECT_GCC_OPTIONS='-v' '-o' 'CMakeFiles/cmTC_aaa5e.dir/CMakeCCompilerABI.c.o' '-c' '-march=rv64gcxthead' '-mabi=lp64d']
  ignore line: [Linking C executable cmTC_aaa5e]
  ignore line: [/usr/bin/cmake -E cmake_link_script CMakeFiles/cmTC_aaa5e.dir/link.txt --verbose=1]
  ignore line: [/home/nanf/tina-d1-h/prebuilt/gcc/linux-x86/riscv/toolchain-thead-glibc/riscv64-glibc-gcc-thead_20200702/bin/riscv64-unknown-linux-gnu-gcc  -v -rdynamic CMakeFiles/cmTC_aaa5e.dir/CMakeCCompilerABI.c.o -o cmTC_aaa5e ]
  ignore line: [Using built-in specs.]
  ignore line: [COLLECT_GCC=/home/nanf/tina-d1-h/prebuilt/gcc/linux-x86/riscv/toolchain-thead-glibc/riscv64-glibc-gcc-thead_20200702/bin/riscv64-unknown-linux-gnu-gcc]
  ignore line: [COLLECT_LTO_WRAPPER=/home/nanf/tina-d1-h/prebuilt/gcc/linux-x86/riscv/toolchain-thead-glibc/riscv64-glibc-gcc-thead_20200702/bin/../libexec/gcc/riscv64-unknown-linux-gnu/8.1.0/lto-wrapper]
  ignore line: [Target: riscv64-unknown-linux-gnu]
  ignore line: [Configured with: /ldhome/software/toolsbuild/slave/workspace/riscv64_build_linux_x86_64/build/../source/riscv/riscv-gcc/configure --target=riscv64-unknown-linux-gnu --with-mpc=/ldhome/software/toolsbuild/slave/workspace/riscv64_build_linux_x86_64/lib-for-gcc-x86_64-linux/ --with-mpfr=/ldhome/software/toolsbuild/slave/workspace/riscv64_build_linux_x86_64/lib-for-gcc-x86_64-linux/ --with-gmp=/ldhome/software/toolsbuild/slave/workspace/riscv64_build_linux_x86_64/lib-for-gcc-x86_64-linux/ --prefix=/ldhome/software/toolsbuild/slave/workspace/riscv64_build_linux_x86_64/install --with-sysroot=/ldhome/software/toolsbuild/slave/workspace/riscv64_build_linux_x86_64/install/sysroot --with-system-zlib --enable-shared --enable-tls --enable-languages=c c++ fortran --disable-libmudflap --disable-libssp --disable-libquadmath --disable-nls --disable-bootstrap --src=../../source/riscv/riscv-gcc --enable-checking=yes --with-pkgversion='C-SKY RISCV Tools V1.8.4 B20200702' --enable-multilib --with-abi=lp64d --with-arch=rv64gcxthead 'CFLAGS_FOR_TARGET=-O2  -mcmodel=medany' 'CXXFLAGS_FOR_TARGET=-O2  -mcmodel=medany' CC=gcc CXX=g++]
  ignore line: [Thread model: posix]
  ignore line: [gcc version 8.1.0 (C-SKY RISCV Tools V1.8.4 B20200702) ]
  ignore line: [COMPILER_PATH=/home/nanf/tina-d1-h/prebuilt/gcc/linux-x86/riscv/toolchain-thead-glibc/riscv64-glibc-gcc-thead_20200702/bin/../libexec/gcc/riscv64-unknown-linux-gnu/8.1.0/:/home/nanf/tina-d1-h/prebuilt/gcc/linux-x86/riscv/toolchain-thead-glibc/riscv64-glibc-gcc-thead_20200702/bin/../libexec/gcc/:/home/nanf/tina-d1-h/prebuilt/gcc/linux-x86/riscv/toolchain-thead-glibc/riscv64-glibc-gcc-thead_20200702/bin/../lib/gcc/riscv64-unknown-linux-gnu/8.1.0/../../../../riscv64-unknown-linux-gnu/bin/]
  ignore line: [LIBRARY_PATH=/home/nanf/tina-d1-h/prebuilt/gcc/linux-x86/riscv/toolchain-thead-glibc/riscv64-glibc-gcc-thead_20200702/bin/../lib/gcc/riscv64-unknown-linux-gnu/8.1.0/lib64xthead/lp64d/:/home/nanf/tina-d1-h/prebuilt/gcc/linux-x86/riscv/toolchain-thead-glibc/riscv64-glibc-gcc-thead_20200702/bin/../lib/gcc/riscv64-unknown-linux-gnu/8.1.0/../../../../riscv64-unknown-linux-gnu/lib/../lib64xthead/lp64d/:/home/nanf/tina-d1-h/prebuilt/gcc/linux-x86/riscv/toolchain-thead-glibc/riscv64-glibc-gcc-thead_20200702/bin/../sysroot/lib/../lib64xthead/lp64d/:/home/nanf/tina-d1-h/prebuilt/gcc/linux-x86/riscv/toolchain-thead-glibc/riscv64-glibc-gcc-thead_20200702/bin/../lib/gcc/riscv64-unknown-linux-gnu/8.1.0/:/home/nanf/tina-d1-h/prebuilt/gcc/linux-x86/riscv/toolchain-thead-glibc/riscv64-glibc-gcc-thead_20200702/bin/../lib/gcc/:/home/nanf/tina-d1-h/prebuilt/gcc/linux-x86/riscv/toolchain-thead-glibc/riscv64-glibc-gcc-thead_20200702/bin/../lib/gcc/riscv64-unknown-linux-gnu/8.1.0/../../../../riscv64-unknown-linux-gnu/lib/:/home/nanf/tina-d1-h/prebuilt/gcc/linux-x86/riscv/toolchain-thead-glibc/riscv64-glibc-gcc-thead_20200702/bin/../sysroot/lib64xthead/lp64d/:/home/nanf/tina-d1-h/prebuilt/gcc/linux-x86/riscv/toolchain-thead-glibc/riscv64-glibc-gcc-thead_20200702/bin/../sysroot/usr/lib64xthead/lp64d/:/home/nanf/tina-d1-h/prebuilt/gcc/linux-x86/riscv/toolchain-thead-glibc/riscv64-glibc-gcc-thead_20200702/bin/../sysroot/lib/]
  ignore line: [COLLECT_GCC_OPTIONS='-v' '-rdynamic' '-o' 'cmTC_aaa5e' '-march=rv64gcxthead' '-mabi=lp64d']
  link line: [ /home/nanf/tina-d1-h/prebuilt/gcc/linux-x86/riscv/toolchain-thead-glibc/riscv64-glibc-gcc-thead_20200702/bin/../libexec/gcc/riscv64-unknown-linux-gnu/8.1.0/collect2 -plugin /home/nanf/tina-d1-h/prebuilt/gcc/linux-x86/riscv/toolchain-thead-glibc/riscv64-glibc-gcc-thead_20200702/bin/../libexec/gcc/riscv64-unknown-linux-gnu/8.1.0/liblto_plugin.so -plugin-opt=/home/nanf/tina-d1-h/prebuilt/gcc/linux-x86/riscv/toolchain-thead-glibc/riscv64-glibc-gcc-thead_20200702/bin/../libexec/gcc/riscv64-unknown-linux-gnu/8.1.0/lto-wrapper -plugin-opt=-fresolution=/tmp/ccsmJBla.res -plugin-opt=-pass-through=-lgcc -plugin-opt=-pass-through=-lgcc_s -plugin-opt=-pass-through=-lc -plugin-opt=-pass-through=-lgcc -plugin-opt=-pass-through=-lgcc_s --sysroot=/home/nanf/tina-d1-h/prebuilt/gcc/linux-x86/riscv/toolchain-thead-glibc/riscv64-glibc-gcc-thead_20200702/bin/../sysroot --eh-frame-hdr -melf64lriscv -export-dynamic -dynamic-linker /lib/ld-linux-riscv64xthead-lp64d.so.1 -o cmTC_aaa5e /home/nanf/tina-d1-h/prebuilt/gcc/linux-x86/riscv/toolchain-thead-glibc/riscv64-glibc-gcc-thead_20200702/bin/../sysroot/usr/lib64xthead/lp64d/crt1.o /home/nanf/tina-d1-h/prebuilt/gcc/linux-x86/riscv/toolchain-thead-glibc/riscv64-glibc-gcc-thead_20200702/bin/../lib/gcc/riscv64-unknown-linux-gnu/8.1.0/lib64xthead/lp64d/crti.o /home/nanf/tina-d1-h/prebuilt/gcc/linux-x86/riscv/toolchain-thead-glibc/riscv64-glibc-gcc-thead_20200702/bin/../lib/gcc/riscv64-unknown-linux-gnu/8.1.0/lib64xthead/lp64d/crtbegin.o -L/home/nanf/tina-d1-h/prebuilt/gcc/linux-x86/riscv/toolchain-thead-glibc/riscv64-glibc-gcc-thead_20200702/bin/../lib/gcc/riscv64-unknown-linux-gnu/8.1.0/lib64xthead/lp64d -L/home/nanf/tina-d1-h/prebuilt/gcc/linux-x86/riscv/toolchain-thead-glibc/riscv64-glibc-gcc-thead_20200702/bin/../lib/gcc/riscv64-unknown-linux-gnu/8.1.0/../../../../riscv64-unknown-linux-gnu/lib/../lib64xthead/lp64d -L/home/nanf/tina-d1-h/prebuilt/gcc/linux-x86/riscv/toolchain-thead-glibc/riscv64-glibc-gcc-thead_20200702/bin/../sysroot/lib/../lib64xthead/lp64d -L/home/nanf/tina-d1-h/prebuilt/gcc/linux-x86/riscv/toolchain-thead-glibc/riscv64-glibc-gcc-thead_20200702/bin/../lib/gcc/riscv64-unknown-linux-gnu/8.1.0 -L/home/nanf/tina-d1-h/prebuilt/gcc/linux-x86/riscv/toolchain-thead-glibc/riscv64-glibc-gcc-thead_20200702/bin/../lib/gcc -L/home/nanf/tina-d1-h/prebuilt/gcc/linux-x86/riscv/toolchain-thead-glibc/riscv64-glibc-gcc-thead_20200702/bin/../lib/gcc/riscv64-unknown-linux-gnu/8.1.0/../../../../riscv64-unknown-linux-gnu/lib -L/home/nanf/tina-d1-h/prebuilt/gcc/linux-x86/riscv/toolchain-thead-glibc/riscv64-glibc-gcc-thead_20200702/bin/../sysroot/lib64xthead/lp64d -L/home/nanf/tina-d1-h/prebuilt/gcc/linux-x86/riscv/toolchain-thead-glibc/riscv64-glibc-gcc-thead_20200702/bin/../sysroot/usr/lib64xthead/lp64d -L/home/nanf/tina-d1-h/prebuilt/gcc/linux-x86/riscv/toolchain-thead-glibc/riscv64-glibc-gcc-thead_20200702/bin/../sysroot/lib CMakeFiles/cmTC_aaa5e.dir/CMakeCCompilerABI.c.o -lgcc --as-needed -lgcc_s --no-as-needed -lc -lgcc --as-needed -lgcc_s --no-as-needed /home/nanf/tina-d1-h/prebuilt/gcc/linux-x86/riscv/toolchain-thead-glibc/riscv64-glibc-gcc-thead_20200702/bin/../lib/gcc/riscv64-unknown-linux-gnu/8.1.0/lib64xthead/lp64d/crtend.o /home/nanf/tina-d1-h/prebuilt/gcc/linux-x86/riscv/toolchain-thead-glibc/riscv64-glibc-gcc-thead_20200702/bin/../lib/gcc/riscv64-unknown-linux-gnu/8.1.0/lib64xthead/lp64d/crtn.o]
    arg [/home/nanf/tina-d1-h/prebuilt/gcc/linux-x86/riscv/toolchain-thead-glibc/riscv64-glibc-gcc-thead_20200702/bin/../libexec/gcc/riscv64-unknown-linux-gnu/8.1.0/collect2] ==> ignore
    arg [-plugin] ==> ignore
    arg [/home/nanf/tina-d1-h/prebuilt/gcc/linux-x86/riscv/toolchain-thead-glibc/riscv64-glibc-gcc-thead_20200702/bin/../libexec/gcc/riscv64-unknown-linux-gnu/8.1.0/liblto_plugin.so] ==> ignore
    arg [-plugin-opt=/home/nanf/tina-d1-h/prebuilt/gcc/linux-x86/riscv/toolchain-thead-glibc/riscv64-glibc-gcc-thead_20200702/bin/../libexec/gcc/riscv64-unknown-linux-gnu/8.1.0/lto-wrapper] ==> ignore
    arg [-plugin-opt=-fresolution=/tmp/ccsmJBla.res] ==> ignore
    arg [-plugin-opt=-pass-through=-lgcc] ==> ignore
    arg [-plugin-opt=-pass-through=-lgcc_s] ==> ignore
    arg [-plugin-opt=-pass-through=-lc] ==> ignore
    arg [-plugin-opt=-pass-through=-lgcc] ==> ignore
    arg [-plugin-opt=-pass-through=-lgcc_s] ==> ignore
    arg [--sysroot=/home/nanf/tina-d1-h/prebuilt/gcc/linux-x86/riscv/toolchain-thead-glibc/riscv64-glibc-gcc-thead_20200702/bin/../sysroot] ==> ignore
    arg [--eh-frame-hdr] ==> ignore
    arg [-melf64lriscv] ==> ignore
    arg [-export-dynamic] ==> ignore
    arg [-dynamic-linker] ==> ignore
    arg [/lib/ld-linux-riscv64xthead-lp64d.so.1] ==> ignore
    arg [-o] ==> ignore
    arg [cmTC_aaa5e] ==> ignore
    arg [/home/nanf/tina-d1-h/prebuilt/gcc/linux-x86/riscv/toolchain-thead-glibc/riscv64-glibc-gcc-thead_20200702/bin/../sysroot/usr/lib64xthead/lp64d/crt1.o] ==> obj [/home/nanf/tina-d1-h/prebuilt/gcc/linux-x86/riscv/toolchain-thead-glibc/riscv64-glibc-gcc-thead_20200702/bin/../sysroot/usr/lib64xthead/lp64d/crt1.o]
    arg [/home/nanf/tina-d1-h/prebuilt/gcc/linux-x86/riscv/toolchain-thead-glibc/riscv64-glibc-gcc-thead_20200702/bin/../lib/gcc/riscv64-unknown-linux-gnu/8.1.0/lib64xthead/lp64d/crti.o] ==> obj [/home/nanf/tina-d1-h/prebuilt/gcc/linux-x86/riscv/toolchain-thead-glibc/riscv64-glibc-gcc-thead_20200702/bin/../lib/gcc/riscv64-unknown-linux-gnu/8.1.0/lib64xthead/lp64d/crti.o]
    arg [/home/nanf/tina-d1-h/prebuilt/gcc/linux-x86/riscv/toolchain-thead-glibc/riscv64-glibc-gcc-thead_20200702/bin/../lib/gcc/riscv64-unknown-linux-gnu/8.1.0/lib64xthead/lp64d/crtbegin.o] ==> obj [/home/nanf/tina-d1-h/prebuilt/gcc/linux-x86/riscv/toolchain-thead-glibc/riscv64-glibc-gcc-thead_20200702/bin/../lib/gcc/riscv64-unknown-linux-gnu/8.1.0/lib64xthead/lp64d/crtbegin.o]
    arg [-L/home/nanf/tina-d1-h/prebuilt/gcc/linux-x86/riscv/toolchain-thead-glibc/riscv64-glibc-gcc-thead_20200702/bin/../lib/gcc/riscv64-unknown-linux-gnu/8.1.0/lib64xthead/lp64d] ==> dir [/home/nanf/tina-d1-h/prebuilt/gcc/linux-x86/riscv/toolchain-thead-glibc/riscv64-glibc-gcc-thead_20200702/bin/../lib/gcc/riscv64-unknown-linux-gnu/8.1.0/lib64xthead/lp64d]
    arg [-L/home/nanf/tina-d1-h/prebuilt/gcc/linux-x86/riscv/toolchain-thead-glibc/riscv64-glibc-gcc-thead_20200702/bin/../lib/gcc/riscv64-unknown-linux-gnu/8.1.0/../../../../riscv64-unknown-linux-gnu/lib/../lib64xthead/lp64d] ==> dir [/home/nanf/tina-d1-h/prebuilt/gcc/linux-x86/riscv/toolchain-thead-glibc/riscv64-glibc-gcc-thead_20200702/bin/../lib/gcc/riscv64-unknown-linux-gnu/8.1.0/../../../../riscv64-unknown-linux-gnu/lib/../lib64xthead/lp64d]
    arg [-L/home/nanf/tina-d1-h/prebuilt/gcc/linux-x86/riscv/toolchain-thead-glibc/riscv64-glibc-gcc-thead_20200702/bin/../sysroot/lib/../lib64xthead/lp64d] ==> dir [/home/nanf/tina-d1-h/prebuilt/gcc/linux-x86/riscv/toolchain-thead-glibc/riscv64-glibc-gcc-thead_20200702/bin/../sysroot/lib/../lib64xthead/lp64d]
    arg [-L/home/nanf/tina-d1-h/prebuilt/gcc/linux-x86/riscv/toolchain-thead-glibc/riscv64-glibc-gcc-thead_20200702/bin/../lib/gcc/riscv64-unknown-linux-gnu/8.1.0] ==> dir [/home/nanf/tina-d1-h/prebuilt/gcc/linux-x86/riscv/toolchain-thead-glibc/riscv64-glibc-gcc-thead_20200702/bin/../lib/gcc/riscv64-unknown-linux-gnu/8.1.0]
    arg [-L/home/nanf/tina-d1-h/prebuilt/gcc/linux-x86/riscv/toolchain-thead-glibc/riscv64-glibc-gcc-thead_20200702/bin/../lib/gcc] ==> dir [/home/nanf/tina-d1-h/prebuilt/gcc/linux-x86/riscv/toolchain-thead-glibc/riscv64-glibc-gcc-thead_20200702/bin/../lib/gcc]
    arg [-L/home/nanf/tina-d1-h/prebuilt/gcc/linux-x86/riscv/toolchain-thead-glibc/riscv64-glibc-gcc-thead_20200702/bin/../lib/gcc/riscv64-unknown-linux-gnu/8.1.0/../../../../riscv64-unknown-linux-gnu/lib] ==> dir [/home/nanf/tina-d1-h/prebuilt/gcc/linux-x86/riscv/toolchain-thead-glibc/riscv64-glibc-gcc-thead_20200702/bin/../lib/gcc/riscv64-unknown-linux-gnu/8.1.0/../../../../riscv64-unknown-linux-gnu/lib]
    arg [-L/home/nanf/tina-d1-h/prebuilt/gcc/linux-x86/riscv/toolchain-thead-glibc/riscv64-glibc-gcc-thead_20200702/bin/../sysroot/lib64xthead/lp64d] ==> dir [/home/nanf/tina-d1-h/prebuilt/gcc/linux-x86/riscv/toolchain-thead-glibc/riscv64-glibc-gcc-thead_20200702/bin/../sysroot/lib64xthead/lp64d]
    arg [-L/home/nanf/tina-d1-h/prebuilt/gcc/linux-x86/riscv/toolchain-thead-glibc/riscv64-glibc-gcc-thead_20200702/bin/../sysroot/usr/lib64xthead/lp64d] ==> dir [/home/nanf/tina-d1-h/prebuilt/gcc/linux-x86/riscv/toolchain-thead-glibc/riscv64-glibc-gcc-thead_20200702/bin/../sysroot/usr/lib64xthead/lp64d]
    arg [-L/home/nanf/tina-d1-h/prebuilt/gcc/linux-x86/riscv/toolchain-thead-glibc/riscv64-glibc-gcc-thead_20200702/bin/../sysroot/lib] ==> dir [/home/nanf/tina-d1-h/prebuilt/gcc/linux-x86/riscv/toolchain-thead-glibc/riscv64-glibc-gcc-thead_20200702/bin/../sysroot/lib]
    arg [CMakeFiles/cmTC_aaa5e.dir/CMakeCCompilerABI.c.o] ==> ignore
    arg [-lgcc] ==> lib [gcc]
    arg [--as-needed] ==> ignore
    arg [-lgcc_s] ==> lib [gcc_s]
    arg [--no-as-needed] ==> ignore
    arg [-lc] ==> lib [c]
    arg [-lgcc] ==> lib [gcc]
    arg [--as-needed] ==> ignore
    arg [-lgcc_s] ==> lib [gcc_s]
    arg [--no-as-needed] ==> ignore
    arg [/home/nanf/tina-d1-h/prebuilt/gcc/linux-x86/riscv/toolchain-thead-glibc/riscv64-glibc-gcc-thead_20200702/bin/../lib/gcc/riscv64-unknown-linux-gnu/8.1.0/lib64xthead/lp64d/crtend.o] ==> obj [/home/nanf/tina-d1-h/prebuilt/gcc/linux-x86/riscv/toolchain-thead-glibc/riscv64-glibc-gcc-thead_20200702/bin/../lib/gcc/riscv64-unknown-linux-gnu/8.1.0/lib64xthead/lp64d/crtend.o]
    arg [/home/nanf/tina-d1-h/prebuilt/gcc/linux-x86/riscv/toolchain-thead-glibc/riscv64-glibc-gcc-thead_20200702/bin/../lib/gcc/riscv64-unknown-linux-gnu/8.1.0/lib64xthead/lp64d/crtn.o] ==> obj [/home/nanf/tina-d1-h/prebuilt/gcc/linux-x86/riscv/toolchain-thead-glibc/riscv64-glibc-gcc-thead_20200702/bin/../lib/gcc/riscv64-unknown-linux-gnu/8.1.0/lib64xthead/lp64d/crtn.o]
  collapse obj [/home/nanf/tina-d1-h/prebuilt/gcc/linux-x86/riscv/toolchain-thead-glibc/riscv64-glibc-gcc-thead_20200702/bin/../sysroot/usr/lib64xthead/lp64d/crt1.o] ==> [/home/nanf/tina-d1-h/prebuilt/gcc/linux-x86/riscv/toolchain-thead-glibc/riscv64-glibc-gcc-thead_20200702/sysroot/usr/lib64xthead/lp64d/crt1.o]
  collapse obj [/home/nanf/tina-d1-h/prebuilt/gcc/linux-x86/riscv/toolchain-thead-glibc/riscv64-glibc-gcc-thead_20200702/bin/../lib/gcc/riscv64-unknown-linux-gnu/8.1.0/lib64xthead/lp64d/crti.o] ==> [/home/nanf/tina-d1-h/prebuilt/gcc/linux-x86/riscv/toolchain-thead-glibc/riscv64-glibc-gcc-thead_20200702/lib/gcc/riscv64-unknown-linux-gnu/8.1.0/lib64xthead/lp64d/crti.o]
  collapse obj [/home/nanf/tina-d1-h/prebuilt/gcc/linux-x86/riscv/toolchain-thead-glibc/riscv64-glibc-gcc-thead_20200702/bin/../lib/gcc/riscv64-unknown-linux-gnu/8.1.0/lib64xthead/lp64d/crtbegin.o] ==> [/home/nanf/tina-d1-h/prebuilt/gcc/linux-x86/riscv/toolchain-thead-glibc/riscv64-glibc-gcc-thead_20200702/lib/gcc/riscv64-unknown-linux-gnu/8.1.0/lib64xthead/lp64d/crtbegin.o]
  collapse obj [/home/nanf/tina-d1-h/prebuilt/gcc/linux-x86/riscv/toolchain-thead-glibc/riscv64-glibc-gcc-thead_20200702/bin/../lib/gcc/riscv64-unknown-linux-gnu/8.1.0/lib64xthead/lp64d/crtend.o] ==> [/home/nanf/tina-d1-h/prebuilt/gcc/linux-x86/riscv/toolchain-thead-glibc/riscv64-glibc-gcc-thead_20200702/lib/gcc/riscv64-unknown-linux-gnu/8.1.0/lib64xthead/lp64d/crtend.o]
  collapse obj [/home/nanf/tina-d1-h/prebuilt/gcc/linux-x86/riscv/toolchain-thead-glibc/riscv64-glibc-gcc-thead_20200702/bin/../lib/gcc/riscv64-unknown-linux-gnu/8.1.0/lib64xthead/lp64d/crtn.o] ==> [/home/nanf/tina-d1-h/prebuilt/gcc/linux-x86/riscv/toolchain-thead-glibc/riscv64-glibc-gcc-thead_20200702/lib/gcc/riscv64-unknown-linux-gnu/8.1.0/lib64xthead/lp64d/crtn.o]
  collapse library dir [/home/nanf/tina-d1-h/prebuilt/gcc/linux-x86/riscv/toolchain-thead-glibc/riscv64-glibc-gcc-thead_20200702/bin/../lib/gcc/riscv64-unknown-linux-gnu/8.1.0/lib64xthead/lp64d] ==> [/home/nanf/tina-d1-h/prebuilt/gcc/linux-x86/riscv/toolchain-thead-glibc/riscv64-glibc-gcc-thead_20200702/lib/gcc/riscv64-unknown-linux-gnu/8.1.0/lib64xthead/lp64d]
  collapse library dir [/home/nanf/tina-d1-h/prebuilt/gcc/linux-x86/riscv/toolchain-thead-glibc/riscv64-glibc-gcc-thead_20200702/bin/../lib/gcc/riscv64-unknown-linux-gnu/8.1.0/../../../../riscv64-unknown-linux-gnu/lib/../lib64xthead/lp64d] ==> [/home/nanf/tina-d1-h/prebuilt/gcc/linux-x86/riscv/toolchain-thead-glibc/riscv64-glibc-gcc-thead_20200702/riscv64-unknown-linux-gnu/lib64xthead/lp64d]
  collapse library dir [/home/nanf/tina-d1-h/prebuilt/gcc/linux-x86/riscv/toolchain-thead-glibc/riscv64-glibc-gcc-thead_20200702/bin/../sysroot/lib/../lib64xthead/lp64d] ==> [/home/nanf/tina-d1-h/prebuilt/gcc/linux-x86/riscv/toolchain-thead-glibc/riscv64-glibc-gcc-thead_20200702/sysroot/lib64xthead/lp64d]
  collapse library dir [/home/nanf/tina-d1-h/prebuilt/gcc/linux-x86/riscv/toolchain-thead-glibc/riscv64-glibc-gcc-thead_20200702/bin/../lib/gcc/riscv64-unknown-linux-gnu/8.1.0] ==> [/home/nanf/tina-d1-h/prebuilt/gcc/linux-x86/riscv/toolchain-thead-glibc/riscv64-glibc-gcc-thead_20200702/lib/gcc/riscv64-unknown-linux-gnu/8.1.0]
  collapse library dir [/home/nanf/tina-d1-h/prebuilt/gcc/linux-x86/riscv/toolchain-thead-glibc/riscv64-glibc-gcc-thead_20200702/bin/../lib/gcc] ==> [/home/nanf/tina-d1-h/prebuilt/gcc/linux-x86/riscv/toolchain-thead-glibc/riscv64-glibc-gcc-thead_20200702/lib/gcc]
  collapse library dir [/home/nanf/tina-d1-h/prebuilt/gcc/linux-x86/riscv/toolchain-thead-glibc/riscv64-glibc-gcc-thead_20200702/bin/../lib/gcc/riscv64-unknown-linux-gnu/8.1.0/../../../../riscv64-unknown-linux-gnu/lib] ==> [/home/nanf/tina-d1-h/prebuilt/gcc/linux-x86/riscv/toolchain-thead-glibc/riscv64-glibc-gcc-thead_20200702/riscv64-unknown-linux-gnu/lib]
  collapse library dir [/home/nanf/tina-d1-h/prebuilt/gcc/linux-x86/riscv/toolchain-thead-glibc/riscv64-glibc-gcc-thead_20200702/bin/../sysroot/lib64xthead/lp64d] ==> [/home/nanf/tina-d1-h/prebuilt/gcc/linux-x86/riscv/toolchain-thead-glibc/riscv64-glibc-gcc-thead_20200702/sysroot/lib64xthead/lp64d]
  collapse library dir [/home/nanf/tina-d1-h/prebuilt/gcc/linux-x86/riscv/toolchain-thead-glibc/riscv64-glibc-gcc-thead_20200702/bin/../sysroot/usr/lib64xthead/lp64d] ==> [/home/nanf/tina-d1-h/prebuilt/gcc/linux-x86/riscv/toolchain-thead-glibc/riscv64-glibc-gcc-thead_20200702/sysroot/usr/lib64xthead/lp64d]
  collapse library dir [/home/nanf/tina-d1-h/prebuilt/gcc/linux-x86/riscv/toolchain-thead-glibc/riscv64-glibc-gcc-thead_20200702/bin/../sysroot/lib] ==> [/home/nanf/tina-d1-h/prebuilt/gcc/linux-x86/riscv/toolchain-thead-glibc/riscv64-glibc-gcc-thead_20200702/sysroot/lib]
  implicit libs: [gcc;gcc_s;c;gcc;gcc_s]
  implicit objs: [/home/nanf/tina-d1-h/prebuilt/gcc/linux-x86/riscv/toolchain-thead-glibc/riscv64-glibc-gcc-thead_20200702/sysroot/usr/lib64xthead/lp64d/crt1.o;/home/nanf/tina-d1-h/prebuilt/gcc/linux-x86/riscv/toolchain-thead-glibc/riscv64-glibc-gcc-thead_20200702/lib/gcc/riscv64-unknown-linux-gnu/8.1.0/lib64xthead/lp64d/crti.o;/home/nanf/tina-d1-h/prebuilt/gcc/linux-x86/riscv/toolchain-thead-glibc/riscv64-glibc-gcc-thead_20200702/lib/gcc/riscv64-unknown-linux-gnu/8.1.0/lib64xthead/lp64d/crtbegin.o;/home/nanf/tina-d1-h/prebuilt/gcc/linux-x86/riscv/toolchain-thead-glibc/riscv64-glibc-gcc-thead_20200702/lib/gcc/riscv64-unknown-linux-gnu/8.1.0/lib64xthead/lp64d/crtend.o;/home/nanf/tina-d1-h/prebuilt/gcc/linux-x86/riscv/toolchain-thead-glibc/riscv64-glibc-gcc-thead_20200702/lib/gcc/riscv64-unknown-linux-gnu/8.1.0/lib64xthead/lp64d/crtn.o]
  implicit dirs: [/home/nanf/tina-d1-h/prebuilt/gcc/linux-x86/riscv/toolchain-thead-glibc/riscv64-glibc-gcc-thead_20200702/lib/gcc/riscv64-unknown-linux-gnu/8.1.0/lib64xthead/lp64d;/home/nanf/tina-d1-h/prebuilt/gcc/linux-x86/riscv/toolchain-thead-glibc/riscv64-glibc-gcc-thead_20200702/riscv64-unknown-linux-gnu/lib64xthead/lp64d;/home/nanf/tina-d1-h/prebuilt/gcc/linux-x86/riscv/toolchain-thead-glibc/riscv64-glibc-gcc-thead_20200702/sysroot/lib64xthead/lp64d;/home/nanf/tina-d1-h/prebuilt/gcc/linux-x86/riscv/toolchain-thead-glibc/riscv64-glibc-gcc-thead_20200702/lib/gcc/riscv64-unknown-linux-gnu/8.1.0;/home/nanf/tina-d1-h/prebuilt/gcc/linux-x86/riscv/toolchain-thead-glibc/riscv64-glibc-gcc-thead_20200702/lib/gcc;/home/nanf/tina-d1-h/prebuilt/gcc/linux-x86/riscv/toolchain-thead-glibc/riscv64-glibc-gcc-thead_20200702/riscv64-unknown-linux-gnu/lib;/home/nanf/tina-d1-h/prebuilt/gcc/linux-x86/riscv/toolchain-thead-glibc/riscv64-glibc-gcc-thead_20200702/sysroot/usr/lib64xthead/lp64d;/home/nanf/tina-d1-h/prebuilt/gcc/linux-x86/riscv/toolchain-thead-glibc/riscv64-glibc-gcc-thead_20200702/sysroot/lib]
  implicit fwks: []


